<?xml version="1.0" encoding="UTF-8"?>
<testsuite xmlns:xsi="http://www.w3.org/2001/XMLSchema-instance" xsi:noNamespaceSchemaLocation="https://maven.apache.org/surefire/maven-surefire-plugin/xsd/surefire-test-report.xsd" name="org.bytedeco.javacpp.IndexerTest" time="0.228" tests="30" errors="0" skipped="0" failures="0">
  <properties>
[...]
</properties>
  <testcase name="testBfloat16Indexer" classname="org.bytedeco.javacpp.IndexerTest" time="0.038"/>
  <testcase name="testFloatIndexerPutGet" classname="org.bytedeco.javacpp.IndexerTest" time="0.001"/>
  <testcase name="testUByteIndexer" classname="org.bytedeco.javacpp.IndexerTest" time="0.025"/>
  <testcase name="testIntIndexer" classname="org.bytedeco.javacpp.IndexerTest" time="0.013"/>
  <testcase name="testHalfIndexer" classname="org.bytedeco.javacpp.IndexerTest" time="0.017"/>
  <testcase name="testIntIndexerPutGet" classname="org.bytedeco.javacpp.IndexerTest" time="0"/>
  <testcase name="testUShortIndexerPutGet" classname="org.bytedeco.javacpp.IndexerTest" time="0.002"/>
  <testcase name="testDefaultStrides" classname="org.bytedeco.javacpp.IndexerTest" time="0"/>
  <testcase name="testBooleanIndexer" classname="org.bytedeco.javacpp.IndexerTest" time="0.018"/>
  <testcase name="testDoubleIndexerPutGet" classname="org.bytedeco.javacpp.IndexerTest" time="0.002"/>
  <testcase name="testDoubleIndexer" classname="org.bytedeco.javacpp.IndexerTest" time="0.015"/>
  <testcase name="testLongIndexer" classname="org.bytedeco.javacpp.IndexerTest" time="0.015"/>
  <testcase name="testCharIndexer" classname="org.bytedeco.javacpp.IndexerTest" time="0.011"/>
  <testcase name="testShortIndexer" classname="org.bytedeco.javacpp.IndexerTest" time="0.01"/>
  <testcase name="testHalfIndexerPutGet" classname="org.bytedeco.javacpp.IndexerTest" time="0"/>
  <testcase name="testUIntIndexerPutGet" classname="org.bytedeco.javacpp.IndexerTest" time="0.002"/>
  <testcase name="testFloatIndexer" classname="org.bytedeco.javacpp.IndexerTest" time="0.012"/>
  <testcase name="testULongIndexerPutGet" classname="org.bytedeco.javacpp.IndexerTest" time="0.001"/>
  <testcase name="testUByteIndexerPutGet" classname="org.bytedeco.javacpp.IndexerTest" time="0"/>
  <testcase name="testUIntIndexer" classname="org.bytedeco.javacpp.IndexerTest" time="0.01"/>
  <testcase name="testBfloat16IndexerPutGet" classname="org.bytedeco.javacpp.IndexerTest" time="0"/>
  <testcase name="testULongIndexer" classname="org.bytedeco.javacpp.IndexerTest" time="0.013"/>
  <testcase name="testLongIndexerPutGet" classname="org.bytedeco.javacpp.IndexerTest" time="0"/>
  <testcase name="testByteIndexerPutGet" classname="org.bytedeco.javacpp.IndexerTest" time="0.001"/>
  <testcase name="testUShortIndexer" classname="org.bytedeco.javacpp.IndexerTest" time="0.011"/>
  <testcase name="testShortIndexerPutGet" classname="org.bytedeco.javacpp.IndexerTest" time="0"/>
  <testcase name="testBooleanIndexerPutGet" classname="org.bytedeco.javacpp.IndexerTest" time="0"/>
  <testcase name="testByteIndexer" classname="org.bytedeco.javacpp.IndexerTest" time="0.01"/>
  <testcase name="testIndexer" classname="org.bytedeco.javacpp.IndexerTest" time="0"/>
  <testcase name="testCharIndexerPutGet" classname="org.bytedeco.javacpp.IndexerTest" time="0"/>
</testsuite>