-------------------------------------------------------------------------------
Test set: org.bytedeco.javacpp.BufferTest
-------------------------------------------------------------------------------
Tests run: 1, Failures: 0, Errors: 1, Skipped: 0, Time elapsed: 0.003 s <<< FAILURE! - in org.bytedeco.javacpp.BufferTest
org.bytedeco.javacpp.BufferTest  Time elapsed: 0.003 s  <<< ERROR!
java.lang.RuntimeException: Process exited with an error: 1
	at org.bytedeco.javacpp.BufferTest.setUpClass(BufferTest.java:82)

