<?xml version="1.0" encoding="UTF-8"?>
<testsuite xmlns:xsi="http://www.w3.org/2001/XMLSchema-instance" xsi:noNamespaceSchemaLocation="https://maven.apache.org/surefire/maven-surefire-plugin/xsd/surefire-test-report.xsd" name="org.bytedeco.javacpp.EnumTest" time="0.005" tests="1" errors="1" skipped="0" failures="0">
  <properties>
[...]
</properties>
  <testcase name="testEnum" classname="org.bytedeco.javacpp.EnumTest" time="0.004">
    <error message="org.bytedeco.javacpp.EnumTest.Char2Bool(Lorg/bytedeco/javacpp/EnumTest$ByteEnum;)Lorg/bytedeco/javacpp/EnumTest$BoolEnum;" type="java.lang.UnsatisfiedLinkError">java.lang.UnsatisfiedLinkError: org.bytedeco.javacpp.EnumTest.Char2Bool(Lorg/bytedeco/javacpp/EnumTest$ByteEnum;)Lorg/bytedeco/javacpp/EnumTest$BoolEnum;
	at org.bytedeco.javacpp.EnumTest.Char2Bool(Native Method)
	at org.bytedeco.javacpp.EnumTest.testEnum(EnumTest.java:105)
</error>
    <system-out><![CDATA[Builder
1180
1182
1185
Loader
Enum
]]></system-out>
    <system-err><![CDATA[Info: Generating /Users/jaewooklee/cs527/final/javacpp/jnijavacpp.cpp
Info: Generating /Users/jaewooklee/cs527/final/javacpp/target/test-classes/org/bytedeco/javacpp/jniEnumTest.cpp
Info: Nothing generated for /Users/jaewooklee/cs527/final/javacpp/target/test-classes/org/bytedeco/javacpp/jniEnumTest.cpp
]]></system-err>
  </testcase>
</testsuite>